[02:54:14] ============================================================
[02:54:14] 开始更新新闻博客 - 2026-04-29 02:54:14.435468
[02:54:14] ============================================================
[02:54:14] 📡 步骤 1/5: 搜索 20 条新闻
[02:54:14] ⚠️  搜索返回为空，使用示例数据
[02:54:14] 🎨 步骤 2/5: 生成 20 张图片（带质量检查）
[02:54:14] 📊 质量标准: 文件50KB-800KB, 宽≥800, 高≥450, 比例16:9
[02:54:14] 🖼️  生成图片 1/20: 全球科技峰会今日开幕... (尝试 1)
[02:54:16] ✅ 图片 1/20 生成成功且质量合格
[02:54:19] 🖼️  生成图片 2/20: 新能源汽车销量创新高... (尝试 1)
[02:54:21] ✅ 图片 2/20 生成成功且质量合格
[02:54:24] 🖼️  生成图片 3/20: 量子计算取得新突破... (尝试 1)
[02:54:26] ✅ 图片 3/20 生成成功且质量合格
[02:54:29] 🖼️  生成图片 4/20: 航天发射任务圆满成功... (尝试 1)
[02:54:31] ✅ 图片 4/20 生成成功且质量合格
[02:54:34] 🖼️  生成图片 5/20: 人工智能医疗应用加速... (尝试 1)
[02:54:35] ✅ 图片 5/20 生成成功且质量合格
[02:54:38] 🖼️  生成图片 6/20: 可再生能源投资创新高... (尝试 1)
[02:54:39] ✅ 图片 6/20 生成成功且质量合格
[02:54:42] 🖼️  生成图片 7/20: 5G网络覆盖加速推进... (尝试 1)
[02:54:44] ✅ 图片 7/20 生成成功且质量合格
[02:54:47] 🖼️  生成图片 8/20: 在线教育平台用户激增... (尝试 1)
[02:54:49] ✅ 图片 8/20 生成成功且质量合格
[02:54:52] 🖼️  生成图片 9/20: 智慧城市建设加速... (尝试 1)
[02:54:53] ✅ 图片 9/20 生成成功且质量合格
[02:54:56] 🖼️  生成图片 10/20: 生物科技领域投资活跃... (尝试 1)
[02:54:58] ✅ 图片 10/20 生成成功且质量合格
[02:55:01] 🖼️  生成图片 11/20: 示例新闻标题 11... (尝试 1)
[02:55:02] ✅ 图片 11/20 生成成功且质量合格
[02:55:05] 🖼️  生成图片 12/20: 示例新闻标题 12... (尝试 1)
[02:55:06] ✅ 图片 12/20 生成成功且质量合格
[02:55:09] 🖼️  生成图片 13/20: 示例新闻标题 13... (尝试 1)
[02:55:11] ✅ 图片 13/20 生成成功且质量合格
[02:55:14] 🖼️  生成图片 14/20: 示例新闻标题 14... (尝试 1)
[02:55:15] ✅ 图片 14/20 生成成功且质量合格
[02:55:18] 🖼️  生成图片 15/20: 示例新闻标题 15... (尝试 1)
[02:55:20] ✅ 图片 15/20 生成成功且质量合格
[02:55:23] 🖼️  生成图片 16/20: 示例新闻标题 16... (尝试 1)
[02:55:25] ✅ 图片 16/20 生成成功且质量合格
[02:55:28] 🖼️  生成图片 17/20: 示例新闻标题 17... (尝试 1)
[02:55:30] ✅ 图片 17/20 生成成功且质量合格
[02:55:33] 🖼️  生成图片 18/20: 示例新闻标题 18... (尝试 1)
[02:55:34] ✅ 图片 18/20 生成成功且质量合格
[02:55:37] 🖼️  生成图片 19/20: 示例新闻标题 19... (尝试 1)
[02:55:39] ✅ 图片 19/20 生成成功且质量合格
[02:55:42] 🖼️  生成图片 20/20: 示例新闻标题 20... (尝试 1)
[02:55:43] ✅ 图片 20/20 生成成功且质量合格
[02:55:43] 🔍 步骤 3/5: 检查内容和图片质量
[02:55:43] ✅ 新闻 1 内容长度: 59 字符
[02:55:43] ✅ 新闻 1 图片质量: 120.0KB
[02:55:43] ⚠️  新闻 2 内容过短 (46 字符)
[02:55:43] ✅ 新闻 2 图片质量: 120.0KB
[02:55:43] ⚠️  新闻 3 内容过短 (47 字符)
[02:55:43] ✅ 新闻 3 图片质量: 120.0KB
[02:55:43] ⚠️  新闻 4 内容过短 (40 字符)
[02:55:43] ✅ 新闻 4 图片质量: 120.0KB
[02:55:43] ⚠️  新闻 5 内容过短 (47 字符)
[02:55:43] ✅ 新闻 5 图片质量: 120.0KB
[02:55:43] ⚠️  新闻 6 内容过短 (31 字符)
[02:55:43] ✅ 新闻 6 图片质量: 120.0KB
[02:55:43] ⚠️  新闻 7 内容过短 (37 字符)
[02:55:43] ✅ 新闻 7 图片质量: 120.0KB
[02:55:43] ⚠️  新闻 8 内容过短 (32 字符)
[02:55:43] ✅ 新闻 8 图片质量: 120.0KB
[02:55:43] ⚠️  新闻 9 内容过短 (32 字符)
[02:55:43] ✅ 新闻 9 图片质量: 120.0KB
[02:55:43] ⚠️  新闻 10 内容过短 (32 字符)
[02:55:43] ✅ 新闻 10 图片质量: 120.0KB
[02:55:43] ⚠️  新闻 11 内容过短 (37 字符)
[02:55:43] ✅ 新闻 11 图片质量: 120.0KB
[02:55:43] ⚠️  新闻 12 内容过短 (37 字符)
[02:55:43] ✅ 新闻 12 图片质量: 120.0KB
[02:55:43] ⚠️  新闻 13 内容过短 (37 字符)
[02:55:43] ✅ 新闻 13 图片质量: 120.0KB
[02:55:43] ⚠️  新闻 14 内容过短 (37 字符)
[02:55:43] ✅ 新闻 14 图片质量: 120.0KB
[02:55:43] ⚠️  新闻 15 内容过短 (37 字符)
[02:55:43] ✅ 新闻 15 图片质量: 120.0KB
[02:55:43] ⚠️  新闻 16 内容过短 (37 字符)
[02:55:43] ✅ 新闻 16 图片质量: 120.0KB
[02:55:43] ⚠️  新闻 17 内容过短 (37 字符)
[02:55:43] ✅ 新闻 17 图片质量: 120.0KB
[02:55:43] ⚠️  新闻 18 内容过短 (37 字符)
[02:55:43] ✅ 新闻 18 图片质量: 120.0KB
[02:55:43] ⚠️  新闻 19 内容过短 (37 字符)
[02:55:43] ✅ 新闻 19 图片质量: 120.0KB
[02:55:43] ⚠️  新闻 20 内容过短 (37 字符)
[02:55:43] ✅ 新闻 20 图片质量: 120.0KB
[02:55:43] ⚠️  部分内容或图片质量未达标，但继续发布
[02:55:43] 📝 步骤 4/5: 创建 HTML 页面
[02:55:43] ✅ HTML 创建成功: /home/swg/.openclaw/workspace/news-blog/index.html
[02:55:43] 🚀 步骤 5/5: 上传到 GitHub
[02:55:47] ✅ 上传成功
[02:55:47] ============================================================
[02:55:47] 🎉 更新完成！
[02:55:47] 🌐 https://yww001.github.io/news-blog/
[02:55:47] 📊 质量: ⚠️  部分未达标
[02:55:47] 📷 生成: 20 张图片
[02:55:47] 📰 新闻: 20 条
[02:55:47] ============================================================
[04:41:22] ============================================================
[04:41:22] 开始更新新闻博客 - 2026-04-29 04:41:22.354623
[04:41:22] ============================================================
[04:41:48] ============================================================
[04:41:48] 开始更新新闻博客 - 2026-04-29 04:41:48.054035
[04:41:48] ============================================================
[04:43:20] ============================================================
[04:43:20] 开始更新新闻博客 - 2026-04-29 04:43:20.961256
[04:43:20] ============================================================
[04:43:20] 📡 步骤 1/5: 搜索 20 条新闻
[04:43:23] ✅ 搜索成功: 找到 19 条新闻
[04:43:23] 🎨 步骤 2/5: 生成 19 张图片（带质量检查）
[04:43:23] 📊 质量标准: 文件50KB-800KB, 宽≥800, 高≥450, 比例16:9
[04:43:23] 🖼️  生成图片 1/19: 四大证券报头版头条内容精华摘要_2026年4月29日_财经新... (尝试 1)
[04:43:25] ✅ 图片 1/19 生成成功且质量合格
[04:43:28] 🖼️  生成图片 2/19: NOWnews今日新聞... (尝试 1)
[04:43:30] ✅ 图片 2/19 生成成功且质量合格
[04:43:33] 🖼️  生成图片 3/19: 中共敘事失敗「躺平」爭議引爆輿論危機| 年輕人| 境外敵對勢... (尝试 1)
[04:43:35] ✅ 图片 3/19 生成成功且质量合格
[04:43:38] 🖼️  生成图片 4/19: 中共叙事失败“躺平”争议引爆舆论危机| 年轻人| 境外敌对势... (尝试 1)
[04:43:41] ✅ 图片 4/19 生成成功且质量合格
[04:43:44] 🖼️  生成图片 5/19: 国际新闻 - 美国之音... (尝试 1)
[04:43:46] ✅ 图片 5/19 生成成功且质量合格
[04:43:49] 🖼️  生成图片 6/19: 24小时全球新闻滚动 | 大纪元... (尝试 1)
[04:43:50] ✅ 图片 6/19 生成成功且质量合格
[04:43:53] 🖼️  生成图片 7/19: 全球 - 聯合新聞網... (尝试 1)
[04:43:55] ✅ 图片 7/19 生成成功且质量合格
[04:43:58] 🖼️  生成图片 8/19: 新华网_让新闻离你更近... (尝试 1)
[04:44:00] ✅ 图片 8/19 生成成功且质量合格
[04:44:03] 🖼️  生成图片 9/19: 海事新闻头条汇总（2026年4月22日—23日）... (尝试 1)
[04:44:04] ✅ 图片 9/19 生成成功且质量合格
[04:44:07] 🖼️  生成图片 10/19: 今天是2026年4月20日，星期一，为你梳理今日值得关注的热... (尝试 1)
[04:44:09] ✅ 图片 10/19 生成成功且质量合格
[04:44:12] 🖼️  生成图片 11/19: 新冷戰破局點出現！中國「三條戰線」展現最高階戰略智慧 - Y... (尝试 1)
[04:44:14] ✅ 图片 11/19 生成成功且质量合格
[04:44:17] 🖼️  生成图片 12/19: 全世界都“錯看中國”？西班牙首相一句話掀翻西方認知馬斯克直言... (尝试 1)
[04:44:18] ✅ 图片 12/19 生成成功且质量合格
[04:44:21] 🖼️  生成图片 13/19: 【每日热点2026年4月17日- 今日头条... (尝试 1)
[04:44:23] ✅ 图片 13/19 生成成功且质量合格
[04:44:26] 🖼️  生成图片 14/19: 首页| 联合早报- 享誉新加坡与国际的新闻媒体... (尝试 1)
[04:44:27] ✅ 图片 14/19 生成成功且质量合格
[04:44:30] 🖼️  生成图片 15/19: 世界新聞網: 一網帶您看遍世界... (尝试 1)
[04:44:31] ✅ 图片 15/19 生成成功且质量合格
[04:44:34] 🖼️  生成图片 16/19: Google 新聞... (尝试 1)
[04:44:36] ✅ 图片 16/19 生成成功且质量合格
[04:44:39] 🖼️  生成图片 17/19: 新浪财经_金融信息服务商... (尝试 1)
[04:44:40] ✅ 图片 17/19 生成成功且质量合格
[04:44:43] 🖼️  生成图片 18/19: 陈元学长返母校与老同学重聚-清华大学... (尝试 1)
[04:44:46] ✅ 图片 18/19 生成成功且质量合格
[04:44:49] 🖼️  生成图片 19/19: 手机搜狐网... (尝试 1)
[04:44:50] ✅ 图片 19/19 生成成功且质量合格
[04:44:50] 🔍 步骤 3/5: 检查内容和图片质量
[04:44:50] ✅ 新闻 1 内容长度: 184 字符
[04:44:50] ✅ 新闻 1 图片质量: 120.0KB
[04:44:50] ✅ 新闻 2 内容长度: 181 字符
[04:44:50] ✅ 新闻 2 图片质量: 120.0KB
[04:44:50] ✅ 新闻 3 内容长度: 203 字符
[04:44:50] ✅ 新闻 3 图片质量: 120.0KB
[04:44:50] ✅ 新闻 4 内容长度: 203 字符
[04:44:50] ✅ 新闻 4 图片质量: 120.0KB
[04:44:50] ✅ 新闻 5 内容长度: 156 字符
[04:44:50] ✅ 新闻 5 图片质量: 120.0KB
[04:44:50] ✅ 新闻 6 内容长度: 203 字符
[04:44:50] ✅ 新闻 6 图片质量: 120.0KB
[04:44:50] ✅ 新闻 7 内容长度: 203 字符
[04:44:50] ✅ 新闻 7 图片质量: 120.0KB
[04:44:50] ✅ 新闻 8 内容长度: 203 字符
[04:44:50] ✅ 新闻 8 图片质量: 120.0KB
[04:44:50] ✅ 新闻 9 内容长度: 203 字符
[04:44:50] ✅ 新闻 9 图片质量: 120.0KB
[04:44:50] ✅ 新闻 10 内容长度: 189 字符
[04:44:50] ✅ 新闻 10 图片质量: 120.0KB
[04:44:50] ✅ 新闻 11 内容长度: 187 字符
[04:44:50] ✅ 新闻 11 图片质量: 120.0KB
[04:44:50] ✅ 新闻 12 内容长度: 182 字符
[04:44:50] ✅ 新闻 12 图片质量: 120.0KB
[04:44:50] ✅ 新闻 13 内容长度: 195 字符
[04:44:50] ✅ 新闻 13 图片质量: 120.0KB
[04:44:50] ✅ 新闻 14 内容长度: 203 字符
[04:44:50] ✅ 新闻 14 图片质量: 120.0KB
[04:44:50] ✅ 新闻 15 内容长度: 193 字符
[04:44:50] ✅ 新闻 15 图片质量: 120.0KB
[04:44:50] ✅ 新闻 16 内容长度: 190 字符
[04:44:50] ✅ 新闻 16 图片质量: 120.0KB
[04:44:50] ✅ 新闻 17 内容长度: 203 字符
[04:44:50] ✅ 新闻 17 图片质量: 120.0KB
[04:44:50] ✅ 新闻 18 内容长度: 195 字符
[04:44:50] ✅ 新闻 18 图片质量: 120.0KB
[04:44:50] ✅ 新闻 19 内容长度: 203 字符
[04:44:50] ✅ 新闻 19 图片质量: 120.0KB
[04:44:50] ✅ 质量检查通过
[04:44:50] 📝 步骤 4/5: 创建 HTML 页面
[04:44:50] ✅ HTML 创建成功: /home/swg/.openclaw/workspace/news-blog/index.html
[04:44:50] 🚀 步骤 5/5: 上传到 GitHub
