[14:43:36] ============================================================
[14:43:36] 开始更新新闻博客 - 2026-04-28 14:43:36.575275
[14:43:36] ============================================================
[14:43:36] 📡 步骤 1/5: 搜索 20 条新闻
[14:43:36] ⚠️  搜索返回为空，使用示例数据
[14:43:36] 🎨 步骤 2/5: 生成 100 张图片（带质量检查）
[14:43:36] 📊 质量标准: 文件200KB-800KB, 分辨率≥1280x720, 比例16:9
[14:43:36] 🖼️  生成图片 1/100: 全球科技峰会今日开幕... (尝试 1)
[14:43:36] ⚠️  图片 1/100 生成失败，重试...
[14:43:39] 🖼️  生成图片 1/100: 全球科技峰会今日开幕... (尝试 2)
[14:43:39] ⚠️  图片 1/100 生成失败，重试...
[14:52:12] ============================================================
[14:52:12] 开始更新新闻博客 - 2026-04-28 14:52:12.739153
[14:52:12] ============================================================
[14:52:12] 📡 步骤 1/5: 搜索 20 条新闻
[14:52:12] ⚠️  搜索返回为空，使用示例数据
[14:52:12] 🎨 步骤 2/5: 生成 100 张图片（带质量检查）
[14:52:12] 📊 质量标准: 文件50KB-800KB, 宽≥800, 高≥450, 比例16:9
[14:52:12] 🖼️  生成图片 1/100: 全球科技峰会今日开幕... (尝试 1)
[14:52:14] ✅ 图片 1/100 生成成功且质量合格
[14:52:17] 🖼️  生成图片 2/100: 新能源汽车销量创新高... (尝试 1)
[14:52:18] ✅ 图片 2/100 生成成功且质量合格
[14:52:21] 🖼️  生成图片 3/100: 量子计算取得新突破... (尝试 1)
[14:52:22] ✅ 图片 3/100 生成成功且质量合格
[14:52:25] 🖼️  生成图片 4/100: 航天发射任务圆满成功... (尝试 1)
[14:52:26] ✅ 图片 4/100 生成成功且质量合格
[14:52:29] 🖼️  生成图片 5/100: 人工智能医疗应用加速... (尝试 1)
[14:52:30] ✅ 图片 5/100 生成成功且质量合格
[14:52:33] 🖼️  生成图片 6/100: 可再生能源投资创新高... (尝试 1)
[14:52:34] ✅ 图片 6/100 生成成功且质量合格
[14:52:37] 🖼️  生成图片 7/100: 5G网络覆盖加速推进... (尝试 1)
[14:52:38] ✅ 图片 7/100 生成成功且质量合格
[14:52:41] 🖼️  生成图片 8/100: 在线教育平台用户激增... (尝试 1)
[14:52:42] ✅ 图片 8/100 生成成功且质量合格
[14:52:45] 🖼️  生成图片 9/100: 智慧城市建设加速... (尝试 1)
[14:52:46] ✅ 图片 9/100 生成成功且质量合格
[14:52:49] 🖼️  生成图片 10/100: 生物科技领域投资活跃... (尝试 1)
[14:52:50] ✅ 图片 10/100 生成成功且质量合格
[14:52:53] 🖼️  生成图片 11/100: 示例新闻标题 11... (尝试 1)
[14:52:54] ✅ 图片 11/100 生成成功且质量合格
[14:52:57] 🖼️  生成图片 12/100: 示例新闻标题 12... (尝试 1)
[14:52:58] ✅ 图片 12/100 生成成功且质量合格
[14:53:01] 🖼️  生成图片 13/100: 示例新闻标题 13... (尝试 1)
[14:53:02] ✅ 图片 13/100 生成成功且质量合格
[14:53:05] 🖼️  生成图片 14/100: 示例新闻标题 14... (尝试 1)
[14:53:06] ✅ 图片 14/100 生成成功且质量合格
[14:53:09] 🖼️  生成图片 15/100: 示例新闻标题 15... (尝试 1)
[14:53:10] ✅ 图片 15/100 生成成功且质量合格
[14:53:13] 🖼️  生成图片 16/100: 示例新闻标题 16... (尝试 1)
[14:53:14] ✅ 图片 16/100 生成成功且质量合格
[14:53:17] 🖼️  生成图片 17/100: 示例新闻标题 17... (尝试 1)
[14:53:18] ✅ 图片 17/100 生成成功且质量合格
[14:53:21] 🖼️  生成图片 18/100: 示例新闻标题 18... (尝试 1)
[14:53:22] ✅ 图片 18/100 生成成功且质量合格
[14:53:25] 🖼️  生成图片 19/100: 示例新闻标题 19... (尝试 1)
[14:53:26] ✅ 图片 19/100 生成成功且质量合格
[14:53:29] 🖼️  生成图片 20/100: 示例新闻标题 20... (尝试 1)
[14:53:30] ✅ 图片 20/100 生成成功且质量合格
[14:53:33] 🖼️  生成图片 21/100: 示例新闻标题 21... (尝试 1)
[14:53:33] ✅ 图片 21/100 生成成功且质量合格
[14:53:36] 🖼️  生成图片 22/100: 示例新闻标题 22... (尝试 1)
[14:53:37] ✅ 图片 22/100 生成成功且质量合格
[14:53:40] 🖼️  生成图片 23/100: 示例新闻标题 23... (尝试 1)
[14:53:41] ✅ 图片 23/100 生成成功且质量合格
[14:53:44] 🖼️  生成图片 24/100: 示例新闻标题 24... (尝试 1)
[14:53:45] ✅ 图片 24/100 生成成功且质量合格
[14:53:48] 🖼️  生成图片 25/100: 示例新闻标题 25... (尝试 1)
[14:53:49] ✅ 图片 25/100 生成成功且质量合格
[14:53:52] 🖼️  生成图片 26/100: 示例新闻标题 26... (尝试 1)
[14:53:53] ✅ 图片 26/100 生成成功且质量合格
[14:53:56] 🖼️  生成图片 27/100: 示例新闻标题 27... (尝试 1)
[14:53:57] ✅ 图片 27/100 生成成功且质量合格
[14:54:00] 🖼️  生成图片 28/100: 示例新闻标题 28... (尝试 1)
[14:54:01] ✅ 图片 28/100 生成成功且质量合格
[14:54:04] 🖼️  生成图片 29/100: 示例新闻标题 29... (尝试 1)
[14:54:05] ✅ 图片 29/100 生成成功且质量合格
[14:54:08] 🖼️  生成图片 30/100: 示例新闻标题 30... (尝试 1)
[14:54:08] ✅ 图片 30/100 生成成功且质量合格
[14:54:11] 🖼️  生成图片 31/100: 示例新闻标题 31... (尝试 1)
[14:54:12] ✅ 图片 31/100 生成成功且质量合格
[14:54:15] 🖼️  生成图片 32/100: 示例新闻标题 32... (尝试 1)
[14:54:16] ✅ 图片 32/100 生成成功且质量合格
[14:54:19] 🖼️  生成图片 33/100: 示例新闻标题 33... (尝试 1)
[14:54:20] ✅ 图片 33/100 生成成功且质量合格
[14:54:23] 🖼️  生成图片 34/100: 示例新闻标题 34... (尝试 1)
[14:54:24] ✅ 图片 34/100 生成成功且质量合格
[14:54:27] 🖼️  生成图片 35/100: 示例新闻标题 35... (尝试 1)
[14:54:28] ✅ 图片 35/100 生成成功且质量合格
[14:54:31] 🖼️  生成图片 36/100: 示例新闻标题 36... (尝试 1)
[14:54:32] ✅ 图片 36/100 生成成功且质量合格
[14:54:35] 🖼️  生成图片 37/100: 示例新闻标题 37... (尝试 1)
[14:54:36] ✅ 图片 37/100 生成成功且质量合格
[14:54:39] 🖼️  生成图片 38/100: 示例新闻标题 38... (尝试 1)
[14:54:40] ✅ 图片 38/100 生成成功且质量合格
[14:54:43] 🖼️  生成图片 39/100: 示例新闻标题 39... (尝试 1)
[14:54:44] ✅ 图片 39/100 生成成功且质量合格
[14:54:47] 🖼️  生成图片 40/100: 示例新闻标题 40... (尝试 1)
[14:54:48] ✅ 图片 40/100 生成成功且质量合格
[14:54:51] 🖼️  生成图片 41/100: 示例新闻标题 41... (尝试 1)
[14:54:52] ✅ 图片 41/100 生成成功且质量合格
[14:54:55] 🖼️  生成图片 42/100: 示例新闻标题 42... (尝试 1)
[14:54:56] ✅ 图片 42/100 生成成功且质量合格
[14:54:59] 🖼️  生成图片 43/100: 示例新闻标题 43... (尝试 1)
[14:54:59] ✅ 图片 43/100 生成成功且质量合格
[14:55:02] 🖼️  生成图片 44/100: 示例新闻标题 44... (尝试 1)
[14:55:03] ✅ 图片 44/100 生成成功且质量合格
[14:55:06] 🖼️  生成图片 45/100: 示例新闻标题 45... (尝试 1)
[14:55:07] ✅ 图片 45/100 生成成功且质量合格
[14:55:10] 🖼️  生成图片 46/100: 示例新闻标题 46... (尝试 1)
[14:55:11] ✅ 图片 46/100 生成成功且质量合格
[14:55:14] 🖼️  生成图片 47/100: 示例新闻标题 47... (尝试 1)
[14:55:15] ✅ 图片 47/100 生成成功且质量合格
[14:55:18] 🖼️  生成图片 48/100: 示例新闻标题 48... (尝试 1)
[14:55:19] ✅ 图片 48/100 生成成功且质量合格
[14:55:22] 🖼️  生成图片 49/100: 示例新闻标题 49... (尝试 1)
[14:55:23] ✅ 图片 49/100 生成成功且质量合格
[14:55:26] 🖼️  生成图片 50/100: 示例新闻标题 50... (尝试 1)
[14:55:27] ✅ 图片 50/100 生成成功且质量合格
[14:55:30] 🖼️  生成图片 51/100: 示例新闻标题 51... (尝试 1)
[14:55:31] ✅ 图片 51/100 生成成功且质量合格
[14:55:34] 🖼️  生成图片 52/100: 示例新闻标题 52... (尝试 1)
[14:55:34] ✅ 图片 52/100 生成成功且质量合格
[14:55:37] 🖼️  生成图片 53/100: 示例新闻标题 53... (尝试 1)
[14:55:38] ✅ 图片 53/100 生成成功且质量合格
[14:55:41] 🖼️  生成图片 54/100: 示例新闻标题 54... (尝试 1)
[14:55:43] ✅ 图片 54/100 生成成功且质量合格
[14:55:46] 🖼️  生成图片 55/100: 示例新闻标题 55... (尝试 1)
[14:55:47] ✅ 图片 55/100 生成成功且质量合格
[14:55:50] 🖼️  生成图片 56/100: 示例新闻标题 56... (尝试 1)
[14:55:51] ✅ 图片 56/100 生成成功且质量合格
[14:56:49] ============================================================
[14:56:49] 开始更新新闻博客 - 2026-04-28 14:56:49.238319
[14:56:49] ============================================================
[14:56:49] 📡 步骤 1/5: 搜索 20 条新闻
[14:56:49] ⚠️  搜索返回为空，使用示例数据
[14:56:49] 🎨 步骤 2/5: 生成 20 张图片（带质量检查）
[14:56:49] 📊 质量标准: 文件50KB-800KB, 宽≥800, 高≥450, 比例16:9
[14:56:49] 🖼️  生成图片 1/20: 全球科技峰会今日开幕... (尝试 1)
[14:56:50] ✅ 图片 1/20 生成成功且质量合格
[14:56:53] 🖼️  生成图片 2/20: 新能源汽车销量创新高... (尝试 1)
[14:56:54] ✅ 图片 2/20 生成成功且质量合格
[14:56:57] 🖼️  生成图片 3/20: 量子计算取得新突破... (尝试 1)
[14:56:58] ✅ 图片 3/20 生成成功且质量合格
[14:57:01] 🖼️  生成图片 4/20: 航天发射任务圆满成功... (尝试 1)
[14:57:02] ✅ 图片 4/20 生成成功且质量合格
[14:57:05] 🖼️  生成图片 5/20: 人工智能医疗应用加速... (尝试 1)
[14:57:06] ✅ 图片 5/20 生成成功且质量合格
[14:57:09] 🖼️  生成图片 6/20: 可再生能源投资创新高... (尝试 1)
[14:57:10] ✅ 图片 6/20 生成成功且质量合格
[14:57:13] 🖼️  生成图片 7/20: 5G网络覆盖加速推进... (尝试 1)
[14:57:14] ✅ 图片 7/20 生成成功且质量合格
[14:57:17] 🖼️  生成图片 8/20: 在线教育平台用户激增... (尝试 1)
[14:57:18] ✅ 图片 8/20 生成成功且质量合格
[14:57:21] 🖼️  生成图片 9/20: 智慧城市建设加速... (尝试 1)
[14:57:22] ✅ 图片 9/20 生成成功且质量合格
[14:57:25] 🖼️  生成图片 10/20: 生物科技领域投资活跃... (尝试 1)
[14:57:26] ✅ 图片 10/20 生成成功且质量合格
[14:57:29] 🖼️  生成图片 11/20: 示例新闻标题 11... (尝试 1)
[14:57:30] ✅ 图片 11/20 生成成功且质量合格
[14:57:33] 🖼️  生成图片 12/20: 示例新闻标题 12... (尝试 1)
[14:57:34] ✅ 图片 12/20 生成成功且质量合格
[14:57:37] 🖼️  生成图片 13/20: 示例新闻标题 13... (尝试 1)
[14:57:38] ✅ 图片 13/20 生成成功且质量合格
[14:57:41] 🖼️  生成图片 14/20: 示例新闻标题 14... (尝试 1)
[14:57:42] ✅ 图片 14/20 生成成功且质量合格
[14:57:45] 🖼️  生成图片 15/20: 示例新闻标题 15... (尝试 1)
[14:57:45] ✅ 图片 15/20 生成成功且质量合格
[14:57:48] 🖼️  生成图片 16/20: 示例新闻标题 16... (尝试 1)
[14:57:49] ✅ 图片 16/20 生成成功且质量合格
[14:57:52] 🖼️  生成图片 17/20: 示例新闻标题 17... (尝试 1)
[14:57:53] ✅ 图片 17/20 生成成功且质量合格
[14:57:56] 🖼️  生成图片 18/20: 示例新闻标题 18... (尝试 1)
[14:57:57] ✅ 图片 18/20 生成成功且质量合格
[14:58:00] 🖼️  生成图片 19/20: 示例新闻标题 19... (尝试 1)
[14:58:01] ✅ 图片 19/20 生成成功且质量合格
[14:58:04] 🖼️  生成图片 20/20: 示例新闻标题 20... (尝试 1)
[14:58:05] ✅ 图片 20/20 生成成功且质量合格
[14:58:05] 🔍 步骤 3/5: 检查内容和图片质量
[14:58:05] ✅ 新闻 1 内容长度: 59 字符
[14:58:05] ✅ 新闻 1 图片质量: 120.0KB
[14:58:05] ⚠️  新闻 2 内容过短 (46 字符)
[14:58:05] ✅ 新闻 2 图片质量: 120.0KB
[14:58:05] ⚠️  新闻 3 内容过短 (47 字符)
[14:58:05] ✅ 新闻 3 图片质量: 120.0KB
[14:58:05] ⚠️  新闻 4 内容过短 (40 字符)
[14:58:05] ✅ 新闻 4 图片质量: 120.0KB
[14:58:05] ⚠️  新闻 5 内容过短 (47 字符)
[14:58:05] ✅ 新闻 5 图片质量: 120.0KB
[14:58:05] ⚠️  新闻 6 内容过短 (31 字符)
[14:58:05] ✅ 新闻 6 图片质量: 120.0KB
[14:58:05] ⚠️  新闻 7 内容过短 (37 字符)
[14:58:05] ✅ 新闻 7 图片质量: 120.0KB
[14:58:05] ⚠️  新闻 8 内容过短 (32 字符)
[14:58:05] ✅ 新闻 8 图片质量: 120.0KB
[14:58:05] ⚠️  新闻 9 内容过短 (32 字符)
[14:58:05] ✅ 新闻 9 图片质量: 120.0KB
[14:58:05] ⚠️  新闻 10 内容过短 (32 字符)
[14:58:05] ✅ 新闻 10 图片质量: 120.0KB
[14:58:05] ⚠️  新闻 11 内容过短 (37 字符)
[14:58:05] ✅ 新闻 11 图片质量: 120.0KB
[14:58:05] ⚠️  新闻 12 内容过短 (37 字符)
[14:58:05] ✅ 新闻 12 图片质量: 120.0KB
[14:58:05] ⚠️  新闻 13 内容过短 (37 字符)
[14:58:05] ✅ 新闻 13 图片质量: 120.0KB
[14:58:05] ⚠️  新闻 14 内容过短 (37 字符)
[14:58:05] ✅ 新闻 14 图片质量: 120.0KB
[14:58:05] ⚠️  新闻 15 内容过短 (37 字符)
[14:58:05] ✅ 新闻 15 图片质量: 120.0KB
[14:58:05] ⚠️  新闻 16 内容过短 (37 字符)
[14:58:05] ✅ 新闻 16 图片质量: 120.0KB
[14:58:05] ⚠️  新闻 17 内容过短 (37 字符)
[14:58:05] ✅ 新闻 17 图片质量: 120.0KB
[14:58:05] ⚠️  新闻 18 内容过短 (37 字符)
[14:58:05] ✅ 新闻 18 图片质量: 120.0KB
[14:58:05] ⚠️  新闻 19 内容过短 (37 字符)
[14:58:05] ✅ 新闻 19 图片质量: 120.0KB
[14:58:05] ⚠️  新闻 20 内容过短 (37 字符)
[14:58:05] ✅ 新闻 20 图片质量: 120.0KB
[14:58:05] ⚠️  部分内容或图片质量未达标，但继续发布
[14:58:05] 📝 步骤 4/5: 创建 HTML 页面
[14:58:05] ✅ HTML 创建成功: /home/swg/.openclaw/workspace/news-blog/index.html
[14:58:05] ✅ 生成完成（未上传）
[14:58:05] 📄 HTML 文件: /home/swg/.openclaw/workspace/news-blog/index.html
[15:00:43] ============================================================
[15:00:43] 开始更新新闻博客 - 2026-04-28 15:00:43.294469
[15:00:43] ============================================================
[15:00:43] 📡 步骤 1/5: 搜索 20 条新闻
[15:00:43] ⚠️  搜索返回为空，使用示例数据
[15:00:43] 🎨 步骤 2/5: 生成 20 张图片（带质量检查）
[15:00:43] 📊 质量标准: 文件50KB-800KB, 宽≥800, 高≥450, 比例16:9
[15:00:43] 🖼️  生成图片 1/20: 全球科技峰会今日开幕... (尝试 1)
[15:00:44] ✅ 图片 1/20 生成成功且质量合格
[15:00:47] 🖼️  生成图片 2/20: 新能源汽车销量创新高... (尝试 1)
[15:00:48] ✅ 图片 2/20 生成成功且质量合格
[15:00:51] 🖼️  生成图片 3/20: 量子计算取得新突破... (尝试 1)
[15:00:52] ✅ 图片 3/20 生成成功且质量合格
[15:00:55] 🖼️  生成图片 4/20: 航天发射任务圆满成功... (尝试 1)
[15:00:57] ✅ 图片 4/20 生成成功且质量合格
[15:01:00] 🖼️  生成图片 5/20: 人工智能医疗应用加速... (尝试 1)
[15:01:01] ✅ 图片 5/20 生成成功且质量合格
[15:01:04] 🖼️  生成图片 6/20: 可再生能源投资创新高... (尝试 1)
[15:01:05] ✅ 图片 6/20 生成成功且质量合格
[15:01:08] 🖼️  生成图片 7/20: 5G网络覆盖加速推进... (尝试 1)
[15:01:08] ✅ 图片 7/20 生成成功且质量合格
[15:01:11] 🖼️  生成图片 8/20: 在线教育平台用户激增... (尝试 1)
[15:01:13] ✅ 图片 8/20 生成成功且质量合格
[15:01:16] 🖼️  生成图片 9/20: 智慧城市建设加速... (尝试 1)
[15:01:17] ✅ 图片 9/20 生成成功且质量合格
[15:01:20] 🖼️  生成图片 10/20: 生物科技领域投资活跃... (尝试 1)
[15:01:21] ✅ 图片 10/20 生成成功且质量合格
[15:01:24] 🖼️  生成图片 11/20: 示例新闻标题 11... (尝试 1)
[15:01:25] ✅ 图片 11/20 生成成功且质量合格
[15:01:28] 🖼️  生成图片 12/20: 示例新闻标题 12... (尝试 1)
[15:01:29] ✅ 图片 12/20 生成成功且质量合格
[15:01:32] 🖼️  生成图片 13/20: 示例新闻标题 13... (尝试 1)
[15:01:32] ✅ 图片 13/20 生成成功且质量合格
[15:01:35] 🖼️  生成图片 14/20: 示例新闻标题 14... (尝试 1)
[15:01:36] ✅ 图片 14/20 生成成功且质量合格
[15:01:39] 🖼️  生成图片 15/20: 示例新闻标题 15... (尝试 1)
[15:01:40] ✅ 图片 15/20 生成成功且质量合格
[15:01:43] 🖼️  生成图片 16/20: 示例新闻标题 16... (尝试 1)
[15:01:44] ✅ 图片 16/20 生成成功且质量合格
[15:01:47] 🖼️  生成图片 17/20: 示例新闻标题 17... (尝试 1)
[15:01:48] ✅ 图片 17/20 生成成功且质量合格
[15:01:51] 🖼️  生成图片 18/20: 示例新闻标题 18... (尝试 1)
[15:02:11] ============================================================
[15:02:11] 开始更新新闻博客 - 2026-04-28 15:02:11.520855
[15:02:11] ============================================================
[15:02:11] 📡 步骤 1/5: 搜索 20 条新闻
[15:02:11] ⚠️  搜索返回为空，使用示例数据
[15:02:11] 🎨 步骤 2/5: 生成 20 张图片（带质量检查）
[15:02:11] 📊 质量标准: 文件50KB-800KB, 宽≥800, 高≥450, 比例16:9
[15:02:11] 🖼️  生成图片 1/20: 全球科技峰会今日开幕... (尝试 1)
[15:02:12] ✅ 图片 1/20 生成成功且质量合格
[15:02:15] 🖼️  生成图片 2/20: 新能源汽车销量创新高... (尝试 1)
[15:02:17] ✅ 图片 2/20 生成成功且质量合格
[15:02:20] 🖼️  生成图片 3/20: 量子计算取得新突破... (尝试 1)
[15:02:21] ✅ 图片 3/20 生成成功且质量合格
[15:02:24] 🖼️  生成图片 4/20: 航天发射任务圆满成功... (尝试 1)
[15:02:25] ✅ 图片 4/20 生成成功且质量合格
[15:02:28] 🖼️  生成图片 5/20: 人工智能医疗应用加速... (尝试 1)
[15:02:29] ✅ 图片 5/20 生成成功且质量合格
[15:02:32] 🖼️  生成图片 6/20: 可再生能源投资创新高... (尝试 1)
[15:02:32] ✅ 图片 6/20 生成成功且质量合格
[15:02:35] 🖼️  生成图片 7/20: 5G网络覆盖加速推进... (尝试 1)
[15:02:36] ✅ 图片 7/20 生成成功且质量合格
[15:02:39] 🖼️  生成图片 8/20: 在线教育平台用户激增... (尝试 1)
[15:02:40] ✅ 图片 8/20 生成成功且质量合格
[15:02:43] 🖼️  生成图片 9/20: 智慧城市建设加速... (尝试 1)
[15:02:44] ✅ 图片 9/20 生成成功且质量合格
[15:02:47] 🖼️  生成图片 10/20: 生物科技领域投资活跃... (尝试 1)
[15:02:48] ✅ 图片 10/20 生成成功且质量合格
[15:02:51] 🖼️  生成图片 11/20: 示例新闻标题 11... (尝试 1)
[15:02:52] ✅ 图片 11/20 生成成功且质量合格
[15:02:55] 🖼️  生成图片 12/20: 示例新闻标题 12... (尝试 1)
[15:02:56] ✅ 图片 12/20 生成成功且质量合格
[15:02:59] 🖼️  生成图片 13/20: 示例新闻标题 13... (尝试 1)
[15:03:00] ✅ 图片 13/20 生成成功且质量合格
[15:03:03] 🖼️  生成图片 14/20: 示例新闻标题 14... (尝试 1)
[15:03:04] ✅ 图片 14/20 生成成功且质量合格
[15:03:07] 🖼️  生成图片 15/20: 示例新闻标题 15... (尝试 1)
[15:03:08] ✅ 图片 15/20 生成成功且质量合格
[15:03:11] 🖼️  生成图片 16/20: 示例新闻标题 16... (尝试 1)
[15:03:12] ✅ 图片 16/20 生成成功且质量合格
[15:03:15] 🖼️  生成图片 17/20: 示例新闻标题 17... (尝试 1)
[15:03:16] ✅ 图片 17/20 生成成功且质量合格
[15:03:19] 🖼️  生成图片 18/20: 示例新闻标题 18... (尝试 1)
[15:03:20] ✅ 图片 18/20 生成成功且质量合格
[15:03:23] 🖼️  生成图片 19/20: 示例新闻标题 19... (尝试 1)
[15:03:24] ✅ 图片 19/20 生成成功且质量合格
[15:03:27] 🖼️  生成图片 20/20: 示例新闻标题 20... (尝试 1)
[15:03:28] ✅ 图片 20/20 生成成功且质量合格
[15:03:28] 🔍 步骤 3/5: 检查内容和图片质量
[15:03:28] ✅ 新闻 1 内容长度: 59 字符
[15:03:28] ✅ 新闻 1 图片质量: 120.0KB
[15:03:28] ⚠️  新闻 2 内容过短 (46 字符)
[15:03:28] ✅ 新闻 2 图片质量: 120.0KB
[15:03:28] ⚠️  新闻 3 内容过短 (47 字符)
[15:03:28] ✅ 新闻 3 图片质量: 120.0KB
[15:03:28] ⚠️  新闻 4 内容过短 (40 字符)
[15:03:28] ✅ 新闻 4 图片质量: 120.0KB
[15:03:28] ⚠️  新闻 5 内容过短 (47 字符)
[15:03:28] ✅ 新闻 5 图片质量: 120.0KB
[15:03:28] ⚠️  新闻 6 内容过短 (31 字符)
[15:03:28] ✅ 新闻 6 图片质量: 120.0KB
[15:03:28] ⚠️  新闻 7 内容过短 (37 字符)
[15:03:28] ✅ 新闻 7 图片质量: 120.0KB
[15:03:28] ⚠️  新闻 8 内容过短 (32 字符)
[15:03:28] ✅ 新闻 8 图片质量: 120.0KB
[15:03:28] ⚠️  新闻 9 内容过短 (32 字符)
[15:03:28] ✅ 新闻 9 图片质量: 120.0KB
[15:03:28] ⚠️  新闻 10 内容过短 (32 字符)
[15:03:28] ✅ 新闻 10 图片质量: 120.0KB
[15:03:28] ⚠️  新闻 11 内容过短 (37 字符)
[15:03:28] ✅ 新闻 11 图片质量: 120.0KB
[15:03:28] ⚠️  新闻 12 内容过短 (37 字符)
[15:03:28] ✅ 新闻 12 图片质量: 120.0KB
[15:03:28] ⚠️  新闻 13 内容过短 (37 字符)
[15:03:28] ✅ 新闻 13 图片质量: 120.0KB
[15:03:28] ⚠️  新闻 14 内容过短 (37 字符)
[15:03:28] ✅ 新闻 14 图片质量: 120.0KB
[15:03:28] ⚠️  新闻 15 内容过短 (37 字符)
[15:03:28] ✅ 新闻 15 图片质量: 120.0KB
[15:03:28] ⚠️  新闻 16 内容过短 (37 字符)
[15:03:28] ✅ 新闻 16 图片质量: 120.0KB
[15:03:28] ⚠️  新闻 17 内容过短 (37 字符)
[15:03:28] ✅ 新闻 17 图片质量: 120.0KB
[15:03:28] ⚠️  新闻 18 内容过短 (37 字符)
[15:03:28] ✅ 新闻 18 图片质量: 120.0KB
[15:03:28] ⚠️  新闻 19 内容过短 (37 字符)
[15:03:28] ✅ 新闻 19 图片质量: 120.0KB
[15:03:28] ⚠️  新闻 20 内容过短 (37 字符)
[15:03:28] ✅ 新闻 20 图片质量: 120.0KB
[15:03:28] ⚠️  部分内容或图片质量未达标，但继续发布
[15:03:28] 📝 步骤 4/5: 创建 HTML 页面
[15:03:28] ✅ HTML 创建成功: /home/swg/.openclaw/workspace/news-blog/index.html
[15:03:28] 🚀 步骤 5/5: 上传到 GitHub
[15:03:33] ✅ 上传成功
[15:03:33] ============================================================
[15:03:33] 🎉 更新完成！
[15:03:33] 🌐 https://yww001.github.io/news-blog/
[15:03:33] 📊 质量: ⚠️  部分未达标
[15:03:33] 📷 生成: 20 张图片
[15:03:33] 📰 新闻: 20 条
[15:03:33] ============================================================
